This is pdfTeX, Version 3.14159265-2.6-1.40.16 (TeX Live 2015) (preloaded format=pdflatex 2015.10.14)  27 JAN 2016 22:28
entering extended mode
 restricted \write18 enabled.
 file:line:error style messages enabled.
 %&-line parsing enabled.
**main.tex
(./main.tex
LaTeX2e <2015/10/01> patch level 1
Babel <3.9m> and hyphenation patterns for 79 languages loaded.
(/usr/local/texlive/2015/texmf-dist/tex/latex/base/report.cls
Document Class: report 2014/09/29 v1.4h Standard LaTeX document class
(/usr/local/texlive/2015/texmf-dist/tex/latex/base/size12.clo
File: size12.clo 2014/09/29 v1.4h Standard LaTeX file (size option)
)
\c@part=\count79
\c@chapter=\count80
\c@section=\count81
\c@subsection=\count82
\c@subsubsection=\count83
\c@paragraph=\count84
\c@subparagraph=\count85
\c@figure=\count86
\c@table=\count87
\abovecaptionskip=\skip41
\belowcaptionskip=\skip42
\bibindent=\dimen102
)
(./setup/packages.tex
(/usr/local/texlive/2015/texmf-dist/tex/latex/graphics/graphicx.sty
Package: graphicx 2014/10/28 v1.0g Enhanced LaTeX Graphics (DPC,SPQR)

(/usr/local/texlive/2015/texmf-dist/tex/latex/graphics/keyval.sty
Package: keyval 2014/10/28 v1.15 key=value parser (DPC)
\KV@toks@=\toks14
)
(/usr/local/texlive/2015/texmf-dist/tex/latex/graphics/graphics.sty
Package: graphics 2014/10/28 v1.0p Standard LaTeX Graphics (DPC,SPQR)

(/usr/local/texlive/2015/texmf-dist/tex/latex/graphics/trig.sty
Package: trig 1999/03/16 v1.09 sin cos tan (DPC)
)
(/usr/local/texlive/2015/texmf-dist/tex/latex/latexconfig/graphics.cfg
File: graphics.cfg 2010/04/23 v1.9 graphics configuration of TeX Live
)
Package graphics Info: Driver file: pdftex.def on input line 94.

(/usr/local/texlive/2015/texmf-dist/tex/latex/pdftex-def/pdftex.def
File: pdftex.def 2011/05/27 v0.06d Graphics/color for pdfTeX

(/usr/local/texlive/2015/texmf-dist/tex/generic/oberdiek/infwarerr.sty
Package: infwarerr 2010/04/08 v1.3 Providing info/warning/error messages (HO)
)
(/usr/local/texlive/2015/texmf-dist/tex/generic/oberdiek/ltxcmds.sty
Package: ltxcmds 2011/11/09 v1.22 LaTeX kernel commands for general use (HO)
)
\Gread@gobject=\count88
))
\Gin@req@height=\dimen103
\Gin@req@width=\dimen104
)
(/usr/local/texlive/2015/texmf-dist/tex/latex/subfig/subfig.sty
Package: subfig 2005/06/28 ver: 1.3 subfig package

(/usr/local/texlive/2015/texmf-dist/tex/latex/caption/caption3.sty
Package: caption3 2015/09/20 v1.7-115 caption3 kernel (AR)
Package caption3 Info: TeX engine: e-TeX on input line 57.
\captionmargin=\dimen105
\captionmargin@=\dimen106
\captionwidth=\dimen107
\caption@tempdima=\dimen108
\caption@indent=\dimen109
\caption@parindent=\dimen110
\caption@hangindent=\dimen111
)
\c@KVtest=\count89
\sf@farskip=\skip43
\sf@captopadj=\dimen112
\sf@capskip=\skip44
\sf@nearskip=\skip45
\c@subfigure=\count90
\c@subfigure@save=\count91
\c@lofdepth=\count92
\c@subtable=\count93
\c@subtable@save=\count94
\c@lotdepth=\count95
\sf@top=\skip46
\sf@bottom=\skip47
)
(/usr/local/texlive/2015/texmf-dist/tex/latex/amsmath/amsmath.sty
Package: amsmath 2013/01/14 v2.14 AMS math features
\@mathmargin=\skip48

For additional information on amsmath, use the `?' option.
(/usr/local/texlive/2015/texmf-dist/tex/latex/amsmath/amstext.sty
Package: amstext 2000/06/29 v2.01

(/usr/local/texlive/2015/texmf-dist/tex/latex/amsmath/amsgen.sty
File: amsgen.sty 1999/11/30 v2.0
\@emptytoks=\toks15
\ex@=\dimen113
))
(/usr/local/texlive/2015/texmf-dist/tex/latex/amsmath/amsbsy.sty
Package: amsbsy 1999/11/29 v1.2d
\pmbraise@=\dimen114
)
(/usr/local/texlive/2015/texmf-dist/tex/latex/amsmath/amsopn.sty
Package: amsopn 1999/12/14 v2.01 operator names
)
\inf@bad=\count96
LaTeX Info: Redefining \frac on input line 210.
\uproot@=\count97
\leftroot@=\count98
LaTeX Info: Redefining \overline on input line 306.
\classnum@=\count99
\DOTSCASE@=\count100
LaTeX Info: Redefining \ldots on input line 378.
LaTeX Info: Redefining \dots on input line 381.
LaTeX Info: Redefining \cdots on input line 466.
\Mathstrutbox@=\box26
\strutbox@=\box27
\big@size=\dimen115
LaTeX Font Info:    Redeclaring font encoding OML on input line 566.
LaTeX Font Info:    Redeclaring font encoding OMS on input line 567.
\macc@depth=\count101
\c@MaxMatrixCols=\count102
\dotsspace@=\muskip10
\c@parentequation=\count103
\dspbrk@lvl=\count104
\tag@help=\toks16
\row@=\count105
\column@=\count106
\maxfields@=\count107
\andhelp@=\toks17
\eqnshift@=\dimen116
\alignsep@=\dimen117
\tagshift@=\dimen118
\tagwidth@=\dimen119
\totwidth@=\dimen120
\lineht@=\dimen121
\@envbody=\toks18
\multlinegap=\skip49
\multlinetaggap=\skip50
\mathdisplay@stack=\toks19
LaTeX Info: Redefining \[ on input line 2665.
LaTeX Info: Redefining \] on input line 2666.
)
(/usr/local/texlive/2015/texmf-dist/tex/latex/stmaryrd/stmaryrd.sty
Package: stmaryrd 1994/03/03 St Mary's Road symbol package
\symstmry=\mathgroup4
LaTeX Font Info:    Overwriting symbol font `stmry' in version `bold'
(Font)                  U/stmry/m/n --> U/stmry/b/n on input line 89.
)
(/usr/local/texlive/2015/texmf-dist/tex/latex/tools/array.sty
Package: array 2014/10/28 v2.4c Tabular extension package (FMi)
\col@sep=\dimen122
\extrarowheight=\dimen123
\NC@list=\toks20
\extratabsurround=\skip51
\backup@length=\skip52
)
(/usr/local/texlive/2015/texmf-dist/tex/latex/graphics/color.sty
Package: color 2014/10/28 v1.1a Standard LaTeX Color (DPC)

(/usr/local/texlive/2015/texmf-dist/tex/latex/latexconfig/color.cfg
File: color.cfg 2007/01/18 v1.5 color configuration of teTeX/TeXLive
)
Package color Info: Driver file: pdftex.def on input line 142.
)
(/usr/local/texlive/2015/texmf-dist/tex/latex/url/url.sty
\Urlmuskip=\muskip11
Package: url 2013/09/16  ver 3.4  Verb mode for urls, etc.
)
(/usr/local/texlive/2015/texmf-dist/tex/latex/comment/comment.sty
\CommentStream=\write3

Excluding comment 'comment')
(/usr/local/texlive/2015/texmf-dist/tex/latex/cite/cite.sty
LaTeX Info: Redefining \cite on input line 302.
LaTeX Info: Redefining \nocite on input line 332.
Package: cite 2015/02/27  v 5.5
)
(/usr/local/texlive/2015/texmf-dist/tex/latex/rotating/rotating.sty
Package: rotating 2009/03/28 v2.16a rotated objects in LaTeX

(/usr/local/texlive/2015/texmf-dist/tex/latex/base/ifthen.sty
Package: ifthen 2014/09/29 v1.1c Standard LaTeX ifthen package (DPC)
)
\c@r@tfl@t=\count108
\rotFPtop=\skip53
\rotFPbot=\skip54
\rot@float@box=\box28
\rot@mess@toks=\toks21
))
(./setup/macros.tex
(/usr/local/texlive/2015/texmf-dist/tex/latex/tools/xspace.sty
Package: xspace 2014/10/28 v1.13 Space after command names (DPC,MH)
))
(./setup/table.tex
(/usr/local/texlive/2015/texmf-dist/tex/latex/adjustbox/adjustbox.sty
Package: adjustbox 2012/05/21 v1.0 Adjusting TeX boxes (trim, clip, ...)

(/usr/local/texlive/2015/texmf-dist/tex/latex/xkeyval/xkeyval.sty
Package: xkeyval 2014/12/03 v2.7a package option processing (HA)

(/usr/local/texlive/2015/texmf-dist/tex/generic/xkeyval/xkeyval.tex
(/usr/local/texlive/2015/texmf-dist/tex/generic/xkeyval/xkvutils.tex
\XKV@toks=\toks22
\XKV@tempa@toks=\toks23
)
\XKV@depth=\count109
File: xkeyval.tex 2014/12/03 v2.7a key=value parser (HA)
))
(/usr/local/texlive/2015/texmf-dist/tex/latex/adjustbox/adjcalc.sty
Package: adjcalc 2012/05/16 v1.1 Provides advanced setlength with multiple back
-ends (calc, etex, pgfmath)
)
(/usr/local/texlive/2015/texmf-dist/tex/latex/adjustbox/trimclip.sty
Package: trimclip 2012/05/16 v1.0 Trim and clip general TeX material

(/usr/local/texlive/2015/texmf-dist/tex/latex/collectbox/collectbox.sty
Package: collectbox 2012/05/17 v0.4b Collect macro arguments as boxes
\collectedbox=\box29
)
\tc@llx=\dimen124
\tc@lly=\dimen125
\tc@urx=\dimen126
\tc@ury=\dimen127
Package trimclip Info: Using driver 'tc-pdftex.def'.

(/usr/local/texlive/2015/texmf-dist/tex/latex/adjustbox/tc-pdftex.def
File: tc-pdftex.def 2012/05/13 v1.0 Clipping driver for pdftex
))
\adjbox@Width=\dimen128
\adjbox@Height=\dimen129
\adjbox@Depth=\dimen130
\adjbox@Totalheight=\dimen131

(/usr/local/texlive/2015/texmf-dist/tex/latex/ifoddpage/ifoddpage.sty
Package: ifoddpage 2011/09/13 v1.0 Conditionals for odd/even page detection
\c@checkoddpage=\count110
)
(/usr/local/texlive/2015/texmf-dist/tex/latex/varwidth/varwidth.sty
Package: varwidth 2009/03/30 ver 0.92;  Variable-width minipages
\@vwid@box=\box30
\sift@deathcycles=\count111
\@vwid@loff=\dimen132
\@vwid@roff=\dimen133
)))
(/usr/local/texlive/2015/texmf-dist/tex/latex/hyperref/hyperref.sty
Package: hyperref 2012/11/06 v6.83m Hypertext links for LaTeX

(/usr/local/texlive/2015/texmf-dist/tex/generic/oberdiek/hobsub-hyperref.sty
Package: hobsub-hyperref 2012/05/28 v1.13 Bundle oberdiek, subset hyperref (HO)


(/usr/local/texlive/2015/texmf-dist/tex/generic/oberdiek/hobsub-generic.sty
Package: hobsub-generic 2012/05/28 v1.13 Bundle oberdiek, subset generic (HO)
Package: hobsub 2012/05/28 v1.13 Construct package bundles (HO)
Package hobsub Info: Skipping package `infwarerr' (already loaded).
Package hobsub Info: Skipping package `ltxcmds' (already loaded).
Package: ifluatex 2010/03/01 v1.3 Provides the ifluatex switch (HO)
Package ifluatex Info: LuaTeX not detected.
Package: ifvtex 2010/03/01 v1.5 Detect VTeX and its facilities (HO)
Package ifvtex Info: VTeX not detected.
Package: intcalc 2007/09/27 v1.1 Expandable calculations with integers (HO)
Package: ifpdf 2011/01/30 v2.3 Provides the ifpdf switch (HO)
Package ifpdf Info: pdfTeX in PDF mode is detected.
Package: etexcmds 2011/02/16 v1.5 Avoid name clashes with e-TeX commands (HO)
Package etexcmds Info: Could not find \expanded.
(etexcmds)             That can mean that you are not using pdfTeX 1.50 or
(etexcmds)             that some package has redefined \expanded.
(etexcmds)             In the latter case, load this package earlier.
Package: kvsetkeys 2012/04/25 v1.16 Key value parser (HO)
Package: kvdefinekeys 2011/04/07 v1.3 Define keys (HO)
Package: pdftexcmds 2011/11/29 v0.20 Utility functions of pdfTeX for LuaTeX (HO
)
Package pdftexcmds Info: LuaTeX not detected.
Package pdftexcmds Info: \pdf@primitive is available.
Package pdftexcmds Info: \pdf@ifprimitive is available.
Package pdftexcmds Info: \pdfdraftmode found.
Package: pdfescape 2011/11/25 v1.13 Implements pdfTeX's escape features (HO)
Package: bigintcalc 2012/04/08 v1.3 Expandable calculations on big integers (HO
)
Package: bitset 2011/01/30 v1.1 Handle bit-vector datatype (HO)
Package: uniquecounter 2011/01/30 v1.2 Provide unlimited unique counter (HO)
)
Package hobsub Info: Skipping package `hobsub' (already loaded).
Package: letltxmacro 2010/09/02 v1.4 Let assignment for LaTeX macros (HO)
Package: hopatch 2012/05/28 v1.2 Wrapper for package hooks (HO)
Package: xcolor-patch 2011/01/30 xcolor patch
Package: atveryend 2011/06/30 v1.8 Hooks at the very end of document (HO)
Package atveryend Info: \enddocument detected (standard20110627).
Package: atbegshi 2011/10/05 v1.16 At begin shipout hook (HO)
Package: refcount 2011/10/16 v3.4 Data extraction from label references (HO)
Package: hycolor 2011/01/30 v1.7 Color options for hyperref/bookmark (HO)
)
(/usr/local/texlive/2015/texmf-dist/tex/generic/ifxetex/ifxetex.sty
Package: ifxetex 2010/09/12 v0.6 Provides ifxetex conditional
)
(/usr/local/texlive/2015/texmf-dist/tex/latex/oberdiek/auxhook.sty
Package: auxhook 2011/03/04 v1.3 Hooks for auxiliary files (HO)
)
(/usr/local/texlive/2015/texmf-dist/tex/latex/oberdiek/kvoptions.sty
Package: kvoptions 2011/06/30 v3.11 Key value format for package options (HO)
)
\@linkdim=\dimen134
\Hy@linkcounter=\count112
\Hy@pagecounter=\count113

(/usr/local/texlive/2015/texmf-dist/tex/latex/hyperref/pd1enc.def
File: pd1enc.def 2012/11/06 v6.83m Hyperref: PDFDocEncoding definition (HO)
)
\Hy@SavedSpaceFactor=\count114

(/usr/local/texlive/2015/texmf-dist/tex/latex/latexconfig/hyperref.cfg
File: hyperref.cfg 2002/06/06 v1.2 hyperref configuration of TeXLive
)
Package hyperref Info: Hyper figures OFF on input line 4443.
Package hyperref Info: Link nesting OFF on input line 4448.
Package hyperref Info: Hyper index ON on input line 4451.
Package hyperref Info: Plain pages OFF on input line 4458.
Package hyperref Info: Backreferencing OFF on input line 4463.
Package hyperref Info: Implicit mode ON; LaTeX internals redefined.
Package hyperref Info: Bookmarks ON on input line 4688.
\c@Hy@tempcnt=\count115
LaTeX Info: Redefining \url on input line 5041.
\XeTeXLinkMargin=\dimen135
\Fld@menulength=\count116
\Field@Width=\dimen136
\Fld@charsize=\dimen137
Package hyperref Info: Hyper figures OFF on input line 6295.
Package hyperref Info: Link nesting OFF on input line 6300.
Package hyperref Info: Hyper index ON on input line 6303.
Package hyperref Info: backreferencing OFF on input line 6310.
Package hyperref Info: Link coloring OFF on input line 6315.
Package hyperref Info: Link coloring with OCG OFF on input line 6320.
Package hyperref Info: PDF/A mode OFF on input line 6325.
LaTeX Info: Redefining \ref on input line 6365.
LaTeX Info: Redefining \pageref on input line 6369.
\Hy@abspage=\count117
\c@Item=\count118
\c@Hfootnote=\count119
)

Package hyperref Message: Driver (autodetected): hpdftex.

(/usr/local/texlive/2015/texmf-dist/tex/latex/hyperref/hpdftex.def
File: hpdftex.def 2012/11/06 v6.83m Hyperref driver for pdfTeX
\Fld@listcount=\count120
\c@bookmark@seq@number=\count121

(/usr/local/texlive/2015/texmf-dist/tex/latex/oberdiek/rerunfilecheck.sty
Package: rerunfilecheck 2011/04/15 v1.7 Rerun checks for auxiliary files (HO)
Package uniquecounter Info: New unique counter `rerunfilecheck' on input line 2
82.
)
\Hy@SectionHShift=\skip55
)
\@input{format.aux}
\openout2 = `format.aux'.

(./format.tex) (./main.aux

LaTeX Warning: Label `fig:report_page' multiply defined.

)
\openout1 = `main.aux'.

LaTeX Font Info:    Checking defaults for OML/cmm/m/it on input line 28.
LaTeX Font Info:    ... okay on input line 28.
LaTeX Font Info:    Checking defaults for T1/cmr/m/n on input line 28.
LaTeX Font Info:    ... okay on input line 28.
LaTeX Font Info:    Checking defaults for OT1/cmr/m/n on input line 28.
LaTeX Font Info:    ... okay on input line 28.
LaTeX Font Info:    Checking defaults for OMS/cmsy/m/n on input line 28.
LaTeX Font Info:    ... okay on input line 28.
LaTeX Font Info:    Checking defaults for OMX/cmex/m/n on input line 28.
LaTeX Font Info:    ... okay on input line 28.
LaTeX Font Info:    Checking defaults for U/cmr/m/n on input line 28.
LaTeX Font Info:    ... okay on input line 28.
LaTeX Font Info:    Checking defaults for PD1/pdf/m/n on input line 28.
LaTeX Font Info:    ... okay on input line 28.
 (/usr/local/texlive/2015/texmf-dist/tex/context/base/supp-pdf.mkii
[Loading MPS to PDF converter (version 2006.09.02).]
\scratchcounter=\count122
\scratchdimen=\dimen138
\scratchbox=\box31
\nofMPsegments=\count123
\nofMParguments=\count124
\everyMPshowfont=\toks24
\MPscratchCnt=\count125
\MPscratchDim=\dimen139
\MPnumerator=\count126
\makeMPintoPDFobject=\count127
\everyMPtoPDFconversion=\toks25
) (/usr/local/texlive/2015/texmf-dist/tex/latex/oberdiek/epstopdf-base.sty
Package: epstopdf-base 2010/02/09 v2.5 Base part for package epstopdf

(/usr/local/texlive/2015/texmf-dist/tex/latex/oberdiek/grfext.sty
Package: grfext 2010/08/19 v1.1 Manage graphics extensions (HO)
)
Package grfext Info: Graphics extension search list:
(grfext)             [.jpg,.png,.eps]
(grfext)             \AppendGraphicsExtensions on input line 452.

(/usr/local/texlive/2015/texmf-dist/tex/latex/latexconfig/epstopdf-sys.cfg
File: epstopdf-sys.cfg 2010/07/13 v1.3 Configuration of (r)epstopdf for TeX Liv
e
))
Package caption Info: Begin \AtBeginDocument code.
Package caption Info: subfig package v1.3 is loaded.
Package caption Info: End \AtBeginDocument code.
\AtBeginShipoutBox=\box32
Package hyperref Info: Link coloring OFF on input line 28.

(/usr/local/texlive/2015/texmf-dist/tex/latex/hyperref/nameref.sty
Package: nameref 2012/10/27 v2.43 Cross-referencing by name of section

(/usr/local/texlive/2015/texmf-dist/tex/generic/oberdiek/gettitlestring.sty
Package: gettitlestring 2010/12/03 v1.4 Cleanup title references (HO)
)
\c@section@level=\count128
)
LaTeX Info: Redefining \ref on input line 28.
LaTeX Info: Redefining \pageref on input line 28.
LaTeX Info: Redefining \nameref on input line 28.

(./main.out) (./main.out)
\@outlinefile=\write4
\openout4 = `main.out'.

 (./title.tex [1



{/usr/local/texlive/2015/texmf-var/fonts/map/pdftex/updmap/pdftex.map}]
LaTeX Font Info:    Try loading font information for U+stmry on input line 84.

(/usr/local/texlive/2015/texmf-dist/tex/latex/stmaryrd/Ustmry.fd)
Underfull \hbox (badness 10000) in paragraph at lines 74--101

 []

pdfTeX warning (ext4): destination with the same identifier (name{page.1}) has 
been already used, duplicate ignored
<to be read again> 
                   \relax 
l.103   \end{titlepage}
                        [1]) (./main.toc [1

] [2] [3])
\tf@toc=\write5
\openout5 = `main.toc'.

 [4] (./main.lof [5

])
\tf@lof=\write6
\openout6 = `main.lof'.


(./chap0.tex [6]
Chapter 1.
Missing character: There is no â in font cmr10!
Missing character: There is no € in font cmr10!
Missing character: There is no “ in font cmr10!
Missing character: There is no â in font cmtt10!
Missing character: There is no € in font cmtt10!
Missing character: There is no “ in font cmtt10!
pdfTeX warning (ext4): destination with the same identifier (name{page.1}) has 
been already used, duplicate ignored
<to be read again> 
                   \relax 
l.11 
      [1

]
Underfull \hbox (badness 10000) in paragraph at lines 12--13

 []

[2] [3] [4]
Missing character: There is no Ã in font cmr12!
Missing character: There is no © in font cmr12!
Missing character: There is no Ã in font cmr12!
Missing character: There is no © in font cmr12!
) (./chap1.tex [5]
Chapter 2.
[6

] [7] <fig/Bitcoinqr.png, id=509, 216.81pt x 218.8175pt>
File: fig/Bitcoinqr.png Graphic file (type png)

<use fig/Bitcoinqr.png>
Package pdftex.def Info: fig/Bitcoinqr.png used on input line 39.
(pdftex.def)             Requested size: 173.44823pt x 175.05423pt.
 [8]
<fig/PubKeyToAddr.png, id=516, 527.9725pt x 703.62875pt>
File: fig/PubKeyToAddr.png Graphic file (type png)

<use fig/PubKeyToAddr.png>
Package pdftex.def Info: fig/PubKeyToAddr.png used on input line 49.
(pdftex.def)             Requested size: 432.4818pt x 576.36732pt.
 [9 <./fig/Bitcoinqr.png>] [10 <./fig/PubKeyToAddr.png>]
Underfull \hbox (badness 10000) in paragraph at lines 62--63

 []

[11] <fig/bip32derivation.png, id=543, 829.0975pt x 584.1825pt>
File: fig/bip32derivation.png Graphic file (type png)

<use fig/bip32derivation.png>
Package pdftex.def Info: fig/bip32derivation.png used on input line 68.
(pdftex.def)             Requested size: 432.4818pt x 304.72151pt.
 [12] [13 <./fig/bip32derivation.png>] [14]
<fig/Bitcoinblocks.png, id=565, 799.98875pt x 360.34625pt>
File: fig/Bitcoinblocks.png Graphic file (type png)

<use fig/Bitcoinblocks.png>
Package pdftex.def Info: fig/Bitcoinblocks.png used on input line 86.
(pdftex.def)             Requested size: 432.4818pt x 194.80951pt.
 [15 <./fig/Bitcoinblocks.png>]) (./chap2.tex
[16]
Chapter 3.
[17

] [18] [19] [20] [21] [22] [23] [24]
Overfull \hbox (12.9997pt too wide) in paragraph at lines 103--104
[]\OT1/cmr/m/n/12 Password-protected wal-lets share the ad-van-tages and dis-ad
-van-tages of non-encrypted
 []

[25] [26] <fig/paperwallet.png, id=672, 594.89621pt x 216.04117pt>
File: fig/paperwallet.png Graphic file (type png)

<use fig/paperwallet.png>
Package pdftex.def Info: fig/paperwallet.png used on input line 114.
(pdftex.def)             Requested size: 432.4818pt x 157.0626pt.
 [27 <./fig/paperwallet.png>] [28] [29]
Overfull \hbox (6.26237pt too wide) in paragraph at lines 143--144
[]\OT1/cmr/m/n/12 A more ro-bust ap-proach is de-scribed in the Bit-coin Im-pro
ve-ment Pro-posal 32 [[]Pieb[]],
 []

[30] [31] [32]
Overfull \hbox (29.51064pt too wide) in paragraph at lines 211--212
\OT1/cmr/m/n/12 adapted from a sim-i-lar frame-work for eval-u-at-ing pass-word
 re-place-ment schemes [[]BHvOS12[]]. 
 []

[33] [34] [35] [36] [37] [38] [39] [40] [41] [42] [43] [44] [45]

LaTeX Warning: Reference `Nak08' on page 46 undefined on input line 368.

[46] [47] [48] [49] [50] [51] [52] [53]
Overfull \hbox (11.3372pt too wide) in paragraph at lines 431--432
\OT1/cmr/m/n/12 The most pop-u-lar and com-plete im-ple-men-ta-tion of a de-ter
-min-is-tic wal-let with password-
 []

[54] [55] [56] [57] [58] [59]
<fig/btcore-sync.png, id=892, 394.47375pt x 19.57312pt>
File: fig/btcore-sync.png Graphic file (type png)

<use fig/btcore-sync.png>
Package pdftex.def Info: fig/btcore-sync.png used on input line 498.
(pdftex.def)             Requested size: 197.23639pt x 9.78653pt.

<fig/multibit-sync.png, id=893, 298.11375pt x 37.64063pt>
File: fig/multibit-sync.png Graphic file (type png)

<use fig/multibit-sync.png>
Package pdftex.def Info: fig/multibit-sync.png used on input line 503.
(pdftex.def)             Requested size: 149.0565pt x 18.82025pt.

<fig/armory-sync.png, id=894, 192.72pt x 37.64063pt>
File: fig/armory-sync.png Graphic file (type png)
 <use fig/armory-sync.png>
Package pdftex.def Info: fig/armory-sync.png used on input line 508.
(pdftex.def)             Requested size: 96.35976pt x 18.82025pt.

[60 <./fig/btcore-sync.png> <./fig/multibit-sync.png> <./fig/armory-sync.png>]
[61] [62]) (./chap3.tex [63]
Chapter 4.
[64

] [65] <fig/REscenario.png, id=934, 640.3925pt x 575.14874pt>
File: fig/REscenario.png Graphic file (type png)

<use fig/REscenario.png>
Package pdftex.def Info: fig/REscenario.png used on input line 30.
(pdftex.def)             Requested size: 432.4818pt x 388.42805pt.
 [66] [67 <./fig/REscenario.png>]
<fig/RE_Scenario_Phase1.png, id=947, 131.49126pt x 261.97874pt>
File: fig/RE_Scenario_Phase1.png Graphic file (type png)

<use fig/RE_Scenario_Phase1.png>
Package pdftex.def Info: fig/RE_Scenario_Phase1.png used on input line 58.
(pdftex.def)             Requested size: 92.04324pt x 183.38387pt.

<fig/RE_Scenario_Interface.png, id=949, 345.29pt x 582.175pt>
File: fig/RE_Scenario_Interface.png Graphic file (type png)

<use fig/RE_Scenario_Interface.png>
Package pdftex.def Info: fig/RE_Scenario_Interface.png used on input line 71.
(pdftex.def)             Requested size: 172.64456pt x 291.08679pt.

Underfull \hbox (badness 10000) in paragraph at lines 78--80

 []

[68] [69 <./fig/RE_Scenario_Phase1.png> <./fig/RE_Scenario_Interface.png>]
Underfull \hbox (badness 10000) in paragraph at lines 83--85

 []


Underfull \hbox (badness 10000) in paragraph at lines 87--88

 []

[70] [71] [72]
Overfull \hbox (3.57039pt too wide) in paragraph at lines 110--111
[]\OT1/cmr/bx/n/12 Enables Branch-ing \OT1/cmr/m/n/12 The abil-ity to in-stall 
the point of sale on mul-ti-ple branches,
 []

[73] [74] [75]
Underfull \hbox (badness 10000) in paragraph at lines 148--149

 []

[76] [77] [78] [79] [80]
<fig/Mycelium_gear.png, id=1042, 314.17375pt x 211.79124pt>
File: fig/Mycelium_gear.png Graphic file (type png)

<use fig/Mycelium_gear.png>
Package pdftex.def Info: fig/Mycelium_gear.png used on input line 202.
(pdftex.def)             Requested size: 157.08649pt x 105.89536pt.
 [81] [82 <./fig/Mycelium_gear.png>] [83] [84]
[85] [86] [87] [88] [89]
<fig/bitsci_screen.jpg, id=1107, 301.125pt x 473.77pt>
File: fig/bitsci_screen.jpg Graphic file (type jpg)

<use fig/bitsci_screen.jpg>
Package pdftex.def Info: fig/bitsci_screen.jpg used on input line 363.
(pdftex.def)             Requested size: 150.56212pt x 236.88441pt.
 [90] [91 <./fig/bitsci_screen.jpg>] [92] [93]
[94] <fig/wifkeys_table.png, id=1148, 605.26125pt x 230.8625pt>
File: fig/wifkeys_table.png Graphic file (type png)

<use fig/wifkeys_table.png>
Package pdftex.def Info: fig/wifkeys_table.png used on input line 421.
(pdftex.def)             Requested size: 302.62987pt x 115.43095pt.

<fig/tx_history_table.png, id=1149, 722.7pt x 275.0275pt>
File: fig/tx_history_table.png Graphic file (type png)

<use fig/tx_history_table.png>
Package pdftex.def Info: fig/tx_history_table.png used on input line 428.
(pdftex.def)             Requested size: 361.3491pt x 137.51341pt.

<fig/First_View.png, id=1150, 492.84125pt x 516.93124pt>
File: fig/First_View.png Graphic file (type png)

<use fig/First_View.png>
Package pdftex.def Info: fig/First_View.png used on input line 439.
(pdftex.def)             Requested size: 246.42001pt x 258.46498pt.
 [95 <./fig/wifkeys_table.png> <./fig/tx_history_table.png>] <fig/Payment.png, 
id=1156, 231.62535pt x 585.74835pt>
File: fig/Payment.png Graphic file (type png)

<use fig/Payment.png>
Package pdftex.def Info: fig/Payment.png used on input line 448.
(pdftex.def)             Requested size: 115.81238pt x 292.87346pt.

<fig/report_page.png, id=1157, 1430.34375pt x 249.93375pt>
File: fig/report_page.png Graphic file (type png)

<use fig/report_page.png>
Package pdftex.def Info: fig/report_page.png used on input line 458.
(pdftex.def)             Requested size: 432.4818pt x 75.57182pt.
 [96 <./fig/First_View.png>] [97 <./fig/Payment.png>]
Missing character: There is no Ã in font cmr12!
Missing character: There is no © in font cmr12!

[98 <./fig/report_page.png>]
<fig/canceled_sale.png, id=1175, 1228.59pt x 350.30875pt>
File: fig/canceled_sale.png Graphic file (type png)

<use fig/canceled_sale.png>
Package pdftex.def Info: fig/canceled_sale.png used on input line 469.
(pdftex.def)             Requested size: 432.4818pt x 123.31548pt.

<fig/complete_sale.png, id=1176, 1213.53375pt x 459.7175pt>
File: fig/complete_sale.png Graphic file (type png)

<use fig/complete_sale.png>
Package pdftex.def Info: fig/complete_sale.png used on input line 477.
(pdftex.def)             Requested size: 432.4818pt x 163.83568pt.
Missing character: There is no Ã in font cmr12!
Missing character: There is no © in font cmr12!
 [99 <./fig/canceled_sale.png>]
<fig/Payment_manual.png, id=1185, 1659.19875pt x 2347.77126pt>
File: fig/Payment_manual.png Graphic file (type png)

<use fig/Payment_manual.png>
Package pdftex.def Info: fig/Payment_manual.png used on input line 495.
(pdftex.def)             Requested size: 432.4818pt x 611.94658pt.


LaTeX Warning: Float too large for page by 27.31927pt on input line 498.

Missing character: There is no Ã in font cmr12!
Missing character: There is no © in font cmr12!
Missing character: There is no Ã in font cmr12!
Missing character: There is no © in font cmr12!
[100 <./fig/complete_sale.png>] [101 <./fig/Payment_manual.png>] [102]
<fig/first_cafe_transaction.png, id=1208, 1048.91875pt x 98.3675pt>
File: fig/first_cafe_transaction.png Graphic file (type png)

<use fig/first_cafe_transaction.png>
Package pdftex.def Info: fig/first_cafe_transaction.png used on input line 516.

(pdftex.def)             Requested size: 432.4818pt x 40.55757pt.

<fig/cafeaunja.png, id=1209, 642.4pt x 640.3925pt>
File: fig/cafeaunja.png Graphic file (type png)
 <use fig/cafeaunja.png>
Package pdftex.def Info: fig/cafeaunja.png used on input line 525.
(pdftex.def)             Requested size: 321.19922pt x 320.19547pt.
)
(./chap4.tex [103 <./fig/first_cafe_transaction.png>] [104 <./fig/cafeaunja.png
>]
Chapter 5.
) (./main.bbl [105

] [106

] [107] [108] [109] [110]
Underfull \hbox (badness 5189) in paragraph at lines 248--252
[]\OT1/cmr/m/n/12 Wiki.  Tech-ni-cal back-ground of ver-sion 1 Bit-coin ad-dres
ses.
 []


Underfull \hbox (badness 10000) in paragraph at lines 248--252
[]$\OT1/cmtt/m/n/12 https : / / en . bitcoin . it / wiki / Technical _ backgrou
nd _ of _ version _
 []

[111])
Package atveryend Info: Empty hook `BeforeClearDocument' on input line 64.
 [112]
Package atveryend Info: Empty hook `AfterLastShipout' on input line 64.
 (./main.aux)
Package atveryend Info: Executing hook `AtVeryEndDocument' on input line 64.
Package atveryend Info: Executing hook `AtEndAfterFileList' on input line 64.
Package rerunfilecheck Info: File `main.out' has not changed.
(rerunfilecheck)             Checksum: A6588434684E3CE922F6DDE6A4F716FE;4700.


LaTeX Warning: There were undefined references.


LaTeX Warning: There were multiply-defined labels.

Package atveryend Info: Empty hook `AtVeryVeryEnd' on input line 64.
 ) 
Here is how much of TeX's memory you used:
 8328 strings out of 493054
 124261 string characters out of 6134759
 217831 words of memory out of 5000000
 11342 multiletter control sequences out of 15000+600000
 13533 words of font info for 51 fonts, out of 8000000 for 9000
 1141 hyphenation exceptions out of 8191
 40i,13n,85p,1746b,453s stack positions out of 5000i,500n,10000p,200000b,80000s
</usr/local/texlive/2015/texmf-dist/fonts/type1/public/amsfonts/cm/cmbx10.pfb
></usr/local/texlive/2015/texmf-dist/fonts/type1/public/amsfonts/cm/cmbx12.pfb>
</usr/local/texlive/2015/texmf-dist/fonts/type1/public/amsfonts/cm/cmr10.pfb></
usr/local/texlive/2015/texmf-dist/fonts/type1/public/amsfonts/cm/cmr12.pfb></us
r/local/texlive/2015/texmf-dist/fonts/type1/public/amsfonts/cm/cmr7.pfb></usr/l
ocal/texlive/2015/texmf-dist/fonts/type1/public/amsfonts/cm/cmr8.pfb></usr/loca
l/texlive/2015/texmf-dist/fonts/type1/public/amsfonts/cm/cmsy10.pfb></usr/local
/texlive/2015/texmf-dist/fonts/type1/public/amsfonts/cm/cmti10.pfb></usr/local/
texlive/2015/texmf-dist/fonts/type1/public/amsfonts/cm/cmti12.pfb></usr/local/t
exlive/2015/texmf-dist/fonts/type1/public/amsfonts/cm/cmtt10.pfb></usr/local/te
xlive/2015/texmf-dist/fonts/type1/public/amsfonts/cm/cmtt12.pfb>
Output written on main.pdf (120 pages, 2590085 bytes).
PDF statistics:
 1384 PDF objects out of 1440 (max. 8388607)
 1207 compressed objects within 13 object streams
 330 named destinations out of 1000 (max. 500000)
 652 words of extra memory for PDF output out of 10000 (max. 10000000)

