\BOOKMARK [0][-]{chapter*.1}{List of Figures}{}% 1
\BOOKMARK [0][-]{chapter.1}{Introductory Remarks}{}% 2
\BOOKMARK [1][-]{section.1.1}{Background}{chapter.1}% 3
\BOOKMARK [1][-]{section.1.2}{Contributions}{chapter.1}% 4
\BOOKMARK [1][-]{section.1.3}{Organization}{chapter.1}% 5
\BOOKMARK [0][-]{chapter.2}{Backgroud}{}% 6
\BOOKMARK [1][-]{section.2.1}{Introductory Remarks}{chapter.2}% 7
\BOOKMARK [1][-]{section.2.2}{Bitcoin}{chapter.2}% 8
\BOOKMARK [2][-]{subsection.2.2.1}{Bitcoin Address}{section.2.2}% 9
\BOOKMARK [2][-]{subsection.2.2.2}{Bitcoin Wallet}{section.2.2}% 10
\BOOKMARK [2][-]{subsection.2.2.3}{Confirmation}{section.2.2}% 11
\BOOKMARK [2][-]{subsection.2.2.4}{Double Spend}{section.2.2}% 12
\BOOKMARK [0][-]{chapter.3}{A First Look at the Usability of Bitcoin Key Management}{}% 13
\BOOKMARK [1][-]{section.3.1}{Introductory Remarks}{chapter.3}% 14
\BOOKMARK [1][-]{section.3.2}{Background}{chapter.3}% 15
\BOOKMARK [2][-]{subsection.3.2.1}{Bitcoin}{section.3.2}% 16
\BOOKMARK [2][-]{subsection.3.2.2}{Usability of Key Management}{section.3.2}% 17
\BOOKMARK [1][-]{section.3.3}{Bitcoin Key Management Approaches}{chapter.3}% 18
\BOOKMARK [2][-]{subsection.3.3.1}{Keys in Local Storage}{section.3.3}% 19
\BOOKMARK [2][-]{subsection.3.3.2}{Password-protected \(Encrypted\) Wallets}{section.3.3}% 20
\BOOKMARK [2][-]{subsection.3.3.3}{Offline Storage of Keys}{section.3.3}% 21
\BOOKMARK [2][-]{subsection.3.3.4}{Air-gapped Key Storage}{section.3.3}% 22
\BOOKMARK [2][-]{subsection.3.3.5}{Password-derived Keys}{section.3.3}% 23
\BOOKMARK [2][-]{subsection.3.3.6}{Hosted Wallets}{section.3.3}% 24
\BOOKMARK [1][-]{section.3.4}{Evaluation Framework}{chapter.3}% 25
\BOOKMARK [2][-]{subsection.3.4.1}{Evaluation Criteria}{section.3.4}% 26
\BOOKMARK [2][-]{subsection.3.4.2}{Discussion}{section.3.4}% 27
\BOOKMARK [1][-]{section.3.5}{Usability Evaluation of Bitcoin Clients}{chapter.3}% 28
\BOOKMARK [2][-]{subsection.3.5.1}{Methodology}{section.3.5}% 29
\BOOKMARK [2][-]{subsection.3.5.2}{Evaluated Clients}{section.3.5}% 30
\BOOKMARK [1][-]{section.3.6}{Results}{chapter.3}% 31
\BOOKMARK [2][-]{subsection.3.6.1}{Keys in Local Storage \(Bitcoin Core\)}{section.3.6}% 32
\BOOKMARK [2][-]{subsection.3.6.2}{Password-protected Wallets \(MultiBit\)}{section.3.6}% 33
\BOOKMARK [2][-]{subsection.3.6.3}{Air-gapped Key Storage \(Armory\)}{section.3.6}% 34
\BOOKMARK [2][-]{subsection.3.6.4}{Offline Storage \(Bitaddress\)}{section.3.6}% 35
\BOOKMARK [2][-]{subsection.3.6.5}{Password-Derived Keys \(Brainwallet\)}{section.3.6}% 36
\BOOKMARK [2][-]{subsection.3.6.6}{Hosted Wallets \(Blockchain.info\)}{section.3.6}% 37
\BOOKMARK [1][-]{section.3.7}{Discussion}{chapter.3}% 38
\BOOKMARK [2][-]{subsection.3.7.1}{Metaphors}{section.3.7}% 39
\BOOKMARK [2][-]{subsection.3.7.2}{Abstractions}{section.3.7}% 40
\BOOKMARK [2][-]{subsection.3.7.3}{Technical Language and Content}{section.3.7}% 41
\BOOKMARK [1][-]{section.3.8}{Conclusion}{chapter.3}% 42
\BOOKMARK [0][-]{chapter.4}{Bitcoin Point of Sale Terminals: Evaluation and Deployment}{}% 43
\BOOKMARK [1][-]{section.4.1}{Introductory Remarks}{chapter.4}% 44
\BOOKMARK [1][-]{section.4.2}{Requirments Engineering}{chapter.4}% 45
\BOOKMARK [2][-]{subsection.4.2.1}{SCRAM}{section.4.2}% 46
\BOOKMARK [1][-]{section.4.3}{Decision Framework}{chapter.4}% 47
\BOOKMARK [2][-]{subsection.4.3.1}{Usability}{section.4.3}% 48
\BOOKMARK [2][-]{subsection.4.3.2}{Deployability}{section.4.3}% 49
\BOOKMARK [2][-]{subsection.4.3.3}{Privacy}{section.4.3}% 50
\BOOKMARK [2][-]{subsection.4.3.4}{Security}{section.4.3}% 51
\BOOKMARK [1][-]{section.4.4}{Evolution of PoS proposals}{chapter.4}% 52
\BOOKMARK [2][-]{subsection.4.4.1}{One Bitcoin address - QR Code}{section.4.4}% 53
\BOOKMARK [2][-]{subsection.4.4.2}{Hardware Terminals}{section.4.4}% 54
\BOOKMARK [2][-]{subsection.4.4.3}{Online Merchant Services}{section.4.4}% 55
\BOOKMARK [2][-]{subsection.4.4.4}{Self Hosting PoS}{section.4.4}% 56
\BOOKMARK [2][-]{subsection.4.4.5}{Mycelium Gear}{section.4.4}% 57
\BOOKMARK [2][-]{subsection.4.4.6}{Aunja PoS}{section.4.4}% 58
\BOOKMARK [2][-]{subsection.4.4.7}{Desicion result}{section.4.4}% 59
\BOOKMARK [1][-]{section.4.5}{Design and Implementation}{chapter.4}% 60
\BOOKMARK [2][-]{subsection.4.5.1}{Implementation measurements}{section.4.5}% 61
\BOOKMARK [2][-]{subsection.4.5.2}{Open source libraries and software applications}{section.4.5}% 62
\BOOKMARK [2][-]{subsection.4.5.3}{Prototyping}{section.4.5}% 63
\BOOKMARK [2][-]{subsection.4.5.4}{Training}{section.4.5}% 64
\BOOKMARK [1][-]{section.4.6}{Real-world Deployment}{chapter.4}% 65
\BOOKMARK [2][-]{subsection.4.6.1}{Lessons learned}{section.4.6}% 66
\BOOKMARK [0][-]{chapter.5}{Conclusion}{}% 67
\BOOKMARK [0][-]{chapter*.15}{Bibliography}{}% 68
